<?xml version="1.0" encoding="UTF-8"?>
<testng-results ignored="0" total="1" passed="0" failed="1" skipped="0">
  <reporter-output>
    <line>
      <![CDATA[IGP web application]]>
    </line>
    <line>
      <![CDATA[Browser is launched]]>
    </line>
    <line>
      <![CDATA[Window is maximized successfully]]>
    </line>
    <line>
      <![CDATA[Land to home page successfully]]>
    </line>
    <line>
      <![CDATA[Selected black-forest-cake-half-kg]]>
    </line>
    <line>
      <![CDATA[error messgae is displayed for entered pincode]]>
    </line>
    <line>
      <![CDATA[Pincode Available messgae is displayed for entered pincode]]>
    </line>
    <line>
      <![CDATA[Selected date from calender]]>
    </line>
    <line>
      <![CDATA[browser closed]]>
    </line>
    <line>
      <![CDATA[report generated]]>
    </line>
  </reporter-output>
  <suite started-at="2022-09-05T12:42:46 IST" name="Default suite" finished-at="2022-09-05T12:43:02 IST" duration-ms="16197">
    <groups>
    </groups>
    <test started-at="2022-09-05T12:42:46 IST" name="Default test" finished-at="2022-09-05T12:43:02 IST" duration-ms="16197">
      <class name="ExistingUserJourney.SameDayDelivery">
        <test-method is-config="true" signature="ProjectDocuments()[pri:0, instance:ExistingUserJourney.SameDayDelivery@6e171cd7]" started-at="2022-09-05T12:42:46 IST" name="ProjectDocuments" finished-at="2022-09-05T12:42:46 IST" duration-ms="5" status="PASS">
          <reporter-output>
            <line>
              <![CDATA[IGP web application]]>
            </line>
          </reporter-output>
        </test-method> <!-- ProjectDocuments -->
        <test-method is-config="true" signature="beforeTest()[pri:0, instance:ExistingUserJourney.SameDayDelivery@6e171cd7]" started-at="2022-09-05T12:42:46 IST" name="beforeTest" finished-at="2022-09-05T12:42:46 IST" duration-ms="279" status="PASS">
          <reporter-output>
          </reporter-output>
        </test-method> <!-- beforeTest -->
        <test-method is-config="true" signature="beforeClass()[pri:0, instance:ExistingUserJourney.SameDayDelivery@6e171cd7]" started-at="2022-09-05T12:42:46 IST" name="beforeClass" finished-at="2022-09-05T12:42:47 IST" duration-ms="851" status="PASS">
          <reporter-output>
            <line>
              <![CDATA[Browser is launched]]>
            </line>
            <line>
              <![CDATA[Window is maximized successfully]]>
            </line>
          </reporter-output>
        </test-method> <!-- beforeClass -->
        <test-method is-config="true" signature="beforeMethod()[pri:0, instance:ExistingUserJourney.SameDayDelivery@6e171cd7]" started-at="2022-09-05T12:42:47 IST" name="beforeMethod" finished-at="2022-09-05T12:42:51 IST" duration-ms="3888" status="PASS">
          <reporter-output>
          </reporter-output>
        </test-method> <!-- beforeMethod -->
        <test-method signature="TC_01Test()[pri:0, instance:ExistingUserJourney.SameDayDelivery@6e171cd7]" started-at="2022-09-05T12:42:51 IST" name="TC_01Test" finished-at="2022-09-05T12:43:02 IST" duration-ms="10545" status="FAIL">
          <exception class="java.lang.NullPointerException">
            <message>
              <![CDATA[Cannot invoke "GenericLibrary.SelectClassUtility.selectDropDown(org.openqa.selenium.WebElement, String)" because "this.SelectDD" is null]]>
            </message>
            <full-stacktrace>
              <![CDATA[java.lang.NullPointerException: Cannot invoke "GenericLibrary.SelectClassUtility.selectDropDown(org.openqa.selenium.WebElement, String)" because "this.SelectDD" is null
at ExistingUserJourney.SameDayDelivery.TC_01Test(SameDayDelivery.java:76)
at java.base/jdk.internal.reflect.DirectMethodHandleAccessor.invoke(DirectMethodHandleAccessor.java:104)
at java.base/java.lang.reflect.Method.invoke(Method.java:577)
at org.testng.internal.MethodInvocationHelper.invokeMethod(MethodInvocationHelper.java:133)
at org.testng.internal.TestInvoker.invokeMethod(TestInvoker.java:598)
at org.testng.internal.TestInvoker.invokeTestMethod(TestInvoker.java:173)
at org.testng.internal.MethodRunner.runInSequence(MethodRunner.java:46)
at org.testng.internal.TestInvoker$MethodInvocationAgent.invoke(TestInvoker.java:824)
at org.testng.internal.TestInvoker.invokeTestMethods(TestInvoker.java:146)
at org.testng.internal.TestMethodWorker.invokeTestMethods(TestMethodWorker.java:146)
at org.testng.internal.TestMethodWorker.run(TestMethodWorker.java:128)
at java.base/java.util.ArrayList.forEach(ArrayList.java:1511)
at org.testng.TestRunner.privateRun(TestRunner.java:794)
at org.testng.TestRunner.run(TestRunner.java:596)
at org.testng.SuiteRunner.runTest(SuiteRunner.java:377)
at org.testng.SuiteRunner.runSequentially(SuiteRunner.java:371)
at org.testng.SuiteRunner.privateRun(SuiteRunner.java:332)
at org.testng.SuiteRunner.run(SuiteRunner.java:276)
at org.testng.SuiteRunnerWorker.runSuite(SuiteRunnerWorker.java:53)
at org.testng.SuiteRunnerWorker.run(SuiteRunnerWorker.java:96)
at org.testng.TestNG.runSuitesSequentially(TestNG.java:1212)
at org.testng.TestNG.runSuitesLocally(TestNG.java:1134)
at org.testng.TestNG.runSuites(TestNG.java:1063)
at org.testng.TestNG.run(TestNG.java:1031)
at org.testng.remote.AbstractRemoteTestNG.run(AbstractRemoteTestNG.java:115)
at org.testng.remote.RemoteTestNG.initAndRun(RemoteTestNG.java:251)
at org.testng.remote.RemoteTestNG.main(RemoteTestNG.java:77)
]]>
            </full-stacktrace>
          </exception> <!-- java.lang.NullPointerException -->
          <reporter-output>
            <line>
              <![CDATA[Land to home page successfully]]>
            </line>
            <line>
              <![CDATA[Selected black-forest-cake-half-kg]]>
            </line>
            <line>
              <![CDATA[error messgae is displayed for entered pincode]]>
            </line>
            <line>
              <![CDATA[Pincode Available messgae is displayed for entered pincode]]>
            </line>
            <line>
              <![CDATA[Selected date from calender]]>
            </line>
          </reporter-output>
        </test-method> <!-- TC_01Test -->
        <test-method is-config="true" signature="afterClass()[pri:0, instance:ExistingUserJourney.SameDayDelivery@6e171cd7]" started-at="2022-09-05T12:43:02 IST" name="afterClass" finished-at="2022-09-05T12:43:02 IST" duration-ms="0" status="PASS">
          <reporter-output>
            <line>
              <![CDATA[browser closed]]>
            </line>
          </reporter-output>
        </test-method> <!-- afterClass -->
        <test-method is-config="true" signature="afterMethod()[pri:0, instance:ExistingUserJourney.SameDayDelivery@6e171cd7]" started-at="2022-09-05T12:43:02 IST" name="afterMethod" finished-at="2022-09-05T12:43:02 IST" duration-ms="0" status="PASS">
          <reporter-output>
          </reporter-output>
        </test-method> <!-- afterMethod -->
        <test-method is-config="true" signature="ReportGenerate()[pri:0, instance:ExistingUserJourney.SameDayDelivery@6e171cd7]" started-at="2022-09-05T12:43:03 IST" name="ReportGenerate" finished-at="2022-09-05T12:43:03 IST" duration-ms="0" status="PASS">
          <reporter-output>
            <line>
              <![CDATA[report generated]]>
            </line>
          </reporter-output>
        </test-method> <!-- ReportGenerate -->
      </class> <!-- ExistingUserJourney.SameDayDelivery -->
    </test> <!-- Default test -->
  </suite> <!-- Default suite -->
</testng-results>
